TN:
SF:server.js
FN:21,(anonymous_0)
FNF:1
FNH:1
FNDA:1,(anonymous_0)
DA:1,1
DA:2,1
DA:3,1
DA:4,1
DA:5,1
DA:6,1
DA:9,1
DA:14,1
DA:17,1
DA:18,1
DA:21,1
DA:22,1
DA:24,1
LF:13
LH:13
BRF:0
BRH:0
end_of_record
TN:
SF:APIs\User\User.js
FN:11,(anonymous_0)
FN:20,(anonymous_1)
FN:42,(anonymous_2)
FN:50,(anonymous_3)
FN:55,(anonymous_4)
FN:81,(anonymous_5)
FN:85,(anonymous_6)
FN:87,(anonymous_7)
FN:89,(anonymous_8)
FN:93,(anonymous_9)
FNF:10
FNH:4
FNDA:1,(anonymous_0)
FNDA:1,(anonymous_1)
FNDA:0,(anonymous_2)
FNDA:1,(anonymous_3)
FNDA:1,(anonymous_4)
FNDA:0,(anonymous_5)
FNDA:0,(anonymous_6)
FNDA:0,(anonymous_7)
FNDA:0,(anonymous_8)
FNDA:0,(anonymous_9)
DA:1,1
DA:2,1
DA:3,1
DA:4,1
DA:10,1
DA:17,1
DA:18,1
DA:21,1
DA:22,1
DA:27,0
DA:37,0
DA:43,0
DA:44,0
DA:51,1
DA:52,1
DA:56,1
DA:57,1
DA:58,0
DA:59,0
DA:65,0
DA:70,0
DA:76,1
DA:82,0
DA:86,0
DA:87,0
DA:88,0
DA:90,0
DA:94,0
LF:28
LH:14
BRDA:21,0,0,1
BRDA:21,0,1,0
BRDA:57,1,0,0
BRDA:57,1,1,1
BRDA:58,2,0,0
BRDA:58,2,1,0
BRDA:94,3,0,0
BRDA:94,3,1,0
BRF:8
BRH:2
end_of_record
TN:
SF:Middlewares\userAuth.js
FN:3,(anonymous_0)
FNF:1
FNH:0
FNDA:0,(anonymous_0)
DA:1,1
DA:3,1
DA:4,0
DA:5,0
DA:6,0
DA:7,0
DA:8,0
DA:9,0
DA:11,0
LF:9
LH:2
BRDA:5,0,0,0
BRDA:5,0,1,0
BRF:2
BRH:0
end_of_record
TN:
SF:Models\User_Model.js
FNF:0
FNH:0
DA:1,1
DA:2,1
DA:4,1
DA:18,1
DA:19,1
LF:5
LH:5
BRF:0
BRH:0
end_of_record
TN:
SF:Routers\User\Index.js
FNF:0
FNH:0
DA:1,1
DA:2,1
DA:4,1
DA:6,1
DA:8,1
LF:5
LH:5
BRF:0
BRH:0
end_of_record
TN:
SF:Routers\User\User.js
FNF:0
FNH:0
DA:1,1
DA:2,1
DA:3,1
DA:5,1
DA:7,1
DA:8,1
DA:9,1
DA:10,1
DA:11,1
LF:9
LH:9
BRF:0
BRH:0
end_of_record
TN:
SF:Test\login_api.js
FN:8,(anonymous_0)
FN:9,(anonymous_1)
FN:17,(anonymous_2)
FN:24,(anonymous_3)
FN:25,(anonymous_4)
FN:38,(anonymous_5)
FNF:6
FNH:6
FNDA:1,(anonymous_0)
FNDA:1,(anonymous_1)
FNDA:1,(anonymous_2)
FNDA:1,(anonymous_3)
FNDA:1,(anonymous_4)
FNDA:1,(anonymous_5)
DA:1,1
DA:2,1
DA:3,1
DA:4,1
DA:6,1
DA:8,1
DA:9,1
DA:10,1
DA:14,1
DA:18,1
DA:19,1
DA:20,1
DA:24,1
DA:25,1
DA:26,1
DA:35,1
DA:39,1
DA:40,1
DA:41,1
DA:42,1
LF:20
LH:20
BRDA:33,0,0,1
BRDA:33,0,1,0
BRF:2
BRH:1
end_of_record
